YOU DON'T HAVE THE CORRECT MESSAGE[0]: fill array with random data
YOU DON'T HAVE THE CORRECT MESSAGE[1]: mem read at 94075869983392

YOU DON'T HAVE THE CORRECT MESSAGE[1]: mem read at 94075869983393

YOU DON'T HAVE THE CORRECT MESSAGE[1]: write  103 to 0x558fbecff2a0: MISS
YOU DON'T HAVE THE CORRECT MESSAGE[2]: mem read at 94075869983440

YOU DON'T HAVE THE CORRECT MESSAGE[2]: mem read at 94075869983441

YOU DON'T HAVE THE CORRECT MESSAGE[2]: write  198 to 0x558fbecff2d0: MISS
YOU DON'T HAVE THE CORRECT MESSAGE[3]: write  105 to 0x558fbecff2a1: HIT
YOU DON'T HAVE THE CORRECT MESSAGE[4]: write  115 to 0x558fbecff2d1: HIT
YOU DON'T HAVE THE CORRECT MESSAGE[5]: mem read at 94075869983394

YOU DON'T HAVE THE CORRECT MESSAGE[5]: mem read at 94075869983395

YOU DON'T HAVE THE CORRECT MESSAGE[5]: write   81 to 0x558fbecff2a2: MISS
YOU DON'T HAVE THE CORRECT MESSAGE[6]: mem read at 94075869983442

YOU DON'T HAVE THE CORRECT MESSAGE[6]: mem read at 94075869983443

YOU DON'T HAVE THE CORRECT MESSAGE[6]: write  255 to 0x558fbecff2d2: MISS
YOU DON'T HAVE THE CORRECT MESSAGE[7]: write   74 to 0x558fbecff2a3: HIT
YOU DON'T HAVE THE CORRECT MESSAGE[8]: write  236 to 0x558fbecff2d3: HIT
YOU DON'T HAVE THE CORRECT MESSAGE[9]: evict set=0,tag=23518967495848
YOU DON'T HAVE THE CORRECT MESSAGE[9]: mem write at 94075869983392

YOU DON'T HAVE THE CORRECT MESSAGE[9]: mem write at 94075869983393

YOU DON'T HAVE THE CORRECT MESSAGE[9]: mem read at 94075869983396

YOU DON'T HAVE THE CORRECT MESSAGE[9]: mem read at 94075869983397

YOU DON'T HAVE THE CORRECT MESSAGE[9]: write   41 to 0x558fbecff2a4: MISS
YOU DON'T HAVE THE CORRECT MESSAGE[10]: evict set=0,tag=23518967495860
YOU DON'T HAVE THE CORRECT MESSAGE[10]: mem write at 94075869983440

YOU DON'T HAVE THE CORRECT MESSAGE[10]: mem write at 94075869983441

YOU DON'T HAVE THE CORRECT MESSAGE[10]: mem read at 94075869983444

YOU DON'T HAVE THE CORRECT MESSAGE[10]: mem read at 94075869983445

YOU DON'T HAVE THE CORRECT MESSAGE[10]: write  205 to 0x558fbecff2d4: MISS
YOU DON'T HAVE THE CORRECT MESSAGE[11]: write  186 to 0x558fbecff2a5: HIT
YOU DON'T HAVE THE CORRECT MESSAGE[12]: write  171 to 0x558fbecff2d5: HIT
YOU DON'T HAVE THE CORRECT MESSAGE[13]: evict set=1,tag=23518967495848
YOU DON'T HAVE THE CORRECT MESSAGE[13]: mem write at 94075869983394

YOU DON'T HAVE THE CORRECT MESSAGE[13]: mem write at 94075869983395

YOU DON'T HAVE THE CORRECT MESSAGE[13]: mem read at 94075869983398

YOU DON'T HAVE THE CORRECT MESSAGE[13]: mem read at 94075869983399

YOU DON'T HAVE THE CORRECT MESSAGE[13]: write  242 to 0x558fbecff2a6: MISS
YOU DON'T HAVE THE CORRECT MESSAGE[14]: evict set=1,tag=23518967495860
YOU DON'T HAVE THE CORRECT MESSAGE[14]: mem write at 94075869983442

YOU DON'T HAVE THE CORRECT MESSAGE[14]: mem write at 94075869983443

YOU DON'T HAVE THE CORRECT MESSAGE[14]: mem read at 94075869983446

YOU DON'T HAVE THE CORRECT MESSAGE[14]: mem read at 94075869983447

YOU DON'T HAVE THE CORRECT MESSAGE[14]: write  251 to 0x558fbecff2d6: MISS
YOU DON'T HAVE THE CORRECT MESSAGE[15]: write  227 to 0x558fbecff2a7: HIT
YOU DON'T HAVE THE CORRECT MESSAGE[16]: write   70 to 0x558fbecff2d7: HIT
YOU DON'T HAVE THE CORRECT MESSAGE[17]: evict set=0,tag=23518967495849
YOU DON'T HAVE THE CORRECT MESSAGE[17]: mem write at 94075869983396

YOU DON'T HAVE THE CORRECT MESSAGE[17]: mem write at 94075869983397

YOU DON'T HAVE THE CORRECT MESSAGE[17]: mem read at 94075869983400

YOU DON'T HAVE THE CORRECT MESSAGE[17]: mem read at 94075869983401

YOU DON'T HAVE THE CORRECT MESSAGE[17]: write  124 to 0x558fbecff2a8: MISS
YOU DON'T HAVE THE CORRECT MESSAGE[18]: evict set=0,tag=23518967495861
YOU DON'T HAVE THE CORRECT MESSAGE[18]: mem write at 94075869983444

YOU DON'T HAVE THE CORRECT MESSAGE[18]: mem write at 94075869983445

YOU DON'T HAVE THE CORRECT MESSAGE[18]: mem read at 94075869983448

YOU DON'T HAVE THE CORRECT MESSAGE[18]: mem read at 94075869983449

YOU DON'T HAVE THE CORRECT MESSAGE[18]: write  194 to 0x558fbecff2d8: MISS
YOU DON'T HAVE THE CORRECT MESSAGE[19]: write   84 to 0x558fbecff2a9: HIT
YOU DON'T HAVE THE CORRECT MESSAGE[20]: write  248 to 0x558fbecff2d9: HIT
YOU DON'T HAVE THE CORRECT MESSAGE[21]: evict set=1,tag=23518967495849
YOU DON'T HAVE THE CORRECT MESSAGE[21]: mem write at 94075869983398

YOU DON'T HAVE THE CORRECT MESSAGE[21]: mem write at 94075869983399

YOU DON'T HAVE THE CORRECT MESSAGE[21]: mem read at 94075869983402

YOU DON'T HAVE THE CORRECT MESSAGE[21]: mem read at 94075869983403

YOU DON'T HAVE THE CORRECT MESSAGE[21]: write   27 to 0x558fbecff2aa: MISS
YOU DON'T HAVE THE CORRECT MESSAGE[22]: evict set=1,tag=23518967495861
YOU DON'T HAVE THE CORRECT MESSAGE[22]: mem write at 94075869983446

YOU DON'T HAVE THE CORRECT MESSAGE[22]: mem write at 94075869983447

YOU DON'T HAVE THE CORRECT MESSAGE[22]: mem read at 94075869983450

YOU DON'T HAVE THE CORRECT MESSAGE[22]: mem read at 94075869983451

YOU DON'T HAVE THE CORRECT MESSAGE[22]: write  232 to 0x558fbecff2da: MISS
YOU DON'T HAVE THE CORRECT MESSAGE[23]: write  231 to 0x558fbecff2ab: HIT
YOU DON'T HAVE THE CORRECT MESSAGE[24]: write  141 to 0x558fbecff2db: HIT
YOU DON'T HAVE THE CORRECT MESSAGE[25]: evict set=0,tag=23518967495850
YOU DON'T HAVE THE CORRECT MESSAGE[25]: mem write at 94075869983400

YOU DON'T HAVE THE CORRECT MESSAGE[25]: mem write at 94075869983401

YOU DON'T HAVE THE CORRECT MESSAGE[25]: mem read at 94075869983404

YOU DON'T HAVE THE CORRECT MESSAGE[25]: mem read at 94075869983405

YOU DON'T HAVE THE CORRECT MESSAGE[25]: write  118 to 0x558fbecff2ac: MISS
YOU DON'T HAVE THE CORRECT MESSAGE[26]: evict set=0,tag=23518967495862
YOU DON'T HAVE THE CORRECT MESSAGE[26]: mem write at 94075869983448

YOU DON'T HAVE THE CORRECT MESSAGE[26]: mem write at 94075869983449

YOU DON'T HAVE THE CORRECT MESSAGE[26]: mem read at 94075869983452

YOU DON'T HAVE THE CORRECT MESSAGE[26]: mem read at 94075869983453

YOU DON'T HAVE THE CORRECT MESSAGE[26]: write   90 to 0x558fbecff2dc: MISS
YOU DON'T HAVE THE CORRECT MESSAGE[27]: write   46 to 0x558fbecff2ad: HIT
YOU DON'T HAVE THE CORRECT MESSAGE[28]: write   99 to 0x558fbecff2dd: HIT
YOU DON'T HAVE THE CORRECT MESSAGE[29]: evict set=1,tag=23518967495850
YOU DON'T HAVE THE CORRECT MESSAGE[29]: mem write at 94075869983402

YOU DON'T HAVE THE CORRECT MESSAGE[29]: mem write at 94075869983403

YOU DON'T HAVE THE CORRECT MESSAGE[29]: mem read at 94075869983406

YOU DON'T HAVE THE CORRECT MESSAGE[29]: mem read at 94075869983407

YOU DON'T HAVE THE CORRECT MESSAGE[29]: write   51 to 0x558fbecff2ae: MISS
YOU DON'T HAVE THE CORRECT MESSAGE[30]: evict set=1,tag=23518967495862
YOU DON'T HAVE THE CORRECT MESSAGE[30]: mem write at 94075869983450

YOU DON'T HAVE THE CORRECT MESSAGE[30]: mem write at 94075869983451

YOU DON'T HAVE THE CORRECT MESSAGE[30]: mem read at 94075869983454

YOU DON'T HAVE THE CORRECT MESSAGE[30]: mem read at 94075869983455

YOU DON'T HAVE THE CORRECT MESSAGE[30]: write  159 to 0x558fbecff2de: MISS
YOU DON'T HAVE THE CORRECT MESSAGE[31]: write  201 to 0x558fbecff2af: HIT
YOU DON'T HAVE THE CORRECT MESSAGE[32]: write  154 to 0x558fbecff2df: HIT
YOU DON'T HAVE THE CORRECT MESSAGE[33]: evict set=0,tag=23518967495851
YOU DON'T HAVE THE CORRECT MESSAGE[33]: mem write at 94075869983404

YOU DON'T HAVE THE CORRECT MESSAGE[33]: mem write at 94075869983405

YOU DON'T HAVE THE CORRECT MESSAGE[33]: mem read at 94075869983408

YOU DON'T HAVE THE CORRECT MESSAGE[33]: mem read at 94075869983409

YOU DON'T HAVE THE CORRECT MESSAGE[33]: write  102 to 0x558fbecff2b0: MISS
YOU DON'T HAVE THE CORRECT MESSAGE[34]: evict set=0,tag=23518967495863
YOU DON'T HAVE THE CORRECT MESSAGE[34]: mem write at 94075869983452

YOU DON'T HAVE THE CORRECT MESSAGE[34]: mem write at 94075869983453

YOU DON'T HAVE THE CORRECT MESSAGE[34]: mem read at 94075869983456

YOU DON'T HAVE THE CORRECT MESSAGE[34]: mem read at 94075869983457

YOU DON'T HAVE THE CORRECT MESSAGE[34]: write   50 to 0x558fbecff2e0: MISS
YOU DON'T HAVE THE CORRECT MESSAGE[35]: write   13 to 0x558fbecff2b1: HIT
YOU DON'T HAVE THE CORRECT MESSAGE[36]: write  183 to 0x558fbecff2e1: HIT
YOU DON'T HAVE THE CORRECT MESSAGE[37]: evict set=1,tag=23518967495851
YOU DON'T HAVE THE CORRECT MESSAGE[37]: mem write at 94075869983406

YOU DON'T HAVE THE CORRECT MESSAGE[37]: mem write at 94075869983407

YOU DON'T HAVE THE CORRECT MESSAGE[37]: mem read at 94075869983410

YOU DON'T HAVE THE CORRECT MESSAGE[37]: mem read at 94075869983411

YOU DON'T HAVE THE CORRECT MESSAGE[37]: write   49 to 0x558fbecff2b2: MISS
YOU DON'T HAVE THE CORRECT MESSAGE[38]: evict set=1,tag=23518967495863
YOU DON'T HAVE THE CORRECT MESSAGE[38]: mem write at 94075869983454

YOU DON'T HAVE THE CORRECT MESSAGE[38]: mem write at 94075869983455

YOU DON'T HAVE THE CORRECT MESSAGE[38]: mem read at 94075869983458

YOU DON'T HAVE THE CORRECT MESSAGE[38]: mem read at 94075869983459

YOU DON'T HAVE THE CORRECT MESSAGE[38]: write   88 to 0x558fbecff2e2: MISS
YOU DON'T HAVE THE CORRECT MESSAGE[39]: write  163 to 0x558fbecff2b3: HIT
YOU DON'T HAVE THE CORRECT MESSAGE[40]: write   90 to 0x558fbecff2e3: HIT
YOU DON'T HAVE THE CORRECT MESSAGE[41]: evict set=0,tag=23518967495852
YOU DON'T HAVE THE CORRECT MESSAGE[41]: mem write at 94075869983408

YOU DON'T HAVE THE CORRECT MESSAGE[41]: mem write at 94075869983409

YOU DON'T HAVE THE CORRECT MESSAGE[41]: mem read at 94075869983412

YOU DON'T HAVE THE CORRECT MESSAGE[41]: mem read at 94075869983413

YOU DON'T HAVE THE CORRECT MESSAGE[41]: write   37 to 0x558fbecff2b4: MISS
YOU DON'T HAVE THE CORRECT MESSAGE[42]: evict set=0,tag=23518967495864
YOU DON'T HAVE THE CORRECT MESSAGE[42]: mem write at 94075869983456

YOU DON'T HAVE THE CORRECT MESSAGE[42]: mem write at 94075869983457

YOU DON'T HAVE THE CORRECT MESSAGE[42]: mem read at 94075869983460

YOU DON'T HAVE THE CORRECT MESSAGE[42]: mem read at 94075869983461

YOU DON'T HAVE THE CORRECT MESSAGE[42]: write   93 to 0x558fbecff2e4: MISS
YOU DON'T HAVE THE CORRECT MESSAGE[43]: write    5 to 0x558fbecff2b5: HIT
YOU DON'T HAVE THE CORRECT MESSAGE[44]: write   23 to 0x558fbecff2e5: HIT
YOU DON'T HAVE THE CORRECT MESSAGE[45]: evict set=1,tag=23518967495852
YOU DON'T HAVE THE CORRECT MESSAGE[45]: mem write at 94075869983410

YOU DON'T HAVE THE CORRECT MESSAGE[45]: mem write at 94075869983411

YOU DON'T HAVE THE CORRECT MESSAGE[45]: mem read at 94075869983414

YOU DON'T HAVE THE CORRECT MESSAGE[45]: mem read at 94075869983415

YOU DON'T HAVE THE CORRECT MESSAGE[45]: write   88 to 0x558fbecff2b6: MISS
YOU DON'T HAVE THE CORRECT MESSAGE[46]: evict set=1,tag=23518967495864
YOU DON'T HAVE THE CORRECT MESSAGE[46]: mem write at 94075869983458

YOU DON'T HAVE THE CORRECT MESSAGE[46]: mem write at 94075869983459

YOU DON'T HAVE THE CORRECT MESSAGE[46]: mem read at 94075869983462

YOU DON'T HAVE THE CORRECT MESSAGE[46]: mem read at 94075869983463

YOU DON'T HAVE THE CORRECT MESSAGE[46]: write  233 to 0x558fbecff2e6: MISS
YOU DON'T HAVE THE CORRECT MESSAGE[47]: write   94 to 0x558fbecff2b7: HIT
YOU DON'T HAVE THE CORRECT MESSAGE[48]: write  212 to 0x558fbecff2e7: HIT
YOU DON'T HAVE THE CORRECT MESSAGE[49]: evict set=0,tag=23518967495853
YOU DON'T HAVE THE CORRECT MESSAGE[49]: mem write at 94075869983412

YOU DON'T HAVE THE CORRECT MESSAGE[49]: mem write at 94075869983413

YOU DON'T HAVE THE CORRECT MESSAGE[49]: mem read at 94075869983416

YOU DON'T HAVE THE CORRECT MESSAGE[49]: mem read at 94075869983417

YOU DON'T HAVE THE CORRECT MESSAGE[49]: write  171 to 0x558fbecff2b8: MISS
YOU DON'T HAVE THE CORRECT MESSAGE[50]: evict set=0,tag=23518967495865
YOU DON'T HAVE THE CORRECT MESSAGE[50]: mem write at 94075869983460

YOU DON'T HAVE THE CORRECT MESSAGE[50]: mem write at 94075869983461

YOU DON'T HAVE THE CORRECT MESSAGE[50]: mem read at 94075869983464

YOU DON'T HAVE THE CORRECT MESSAGE[50]: mem read at 94075869983465

YOU DON'T HAVE THE CORRECT MESSAGE[50]: write  178 to 0x558fbecff2e8: MISS
YOU DON'T HAVE THE CORRECT MESSAGE[51]: write  205 to 0x558fbecff2b9: HIT
YOU DON'T HAVE THE CORRECT MESSAGE[52]: write  198 to 0x558fbecff2e9: HIT
YOU DON'T HAVE THE CORRECT MESSAGE[53]: evict set=1,tag=23518967495853
YOU DON'T HAVE THE CORRECT MESSAGE[53]: mem write at 94075869983414

YOU DON'T HAVE THE CORRECT MESSAGE[53]: mem write at 94075869983415

YOU DON'T HAVE THE CORRECT MESSAGE[53]: mem read at 94075869983418

YOU DON'T HAVE THE CORRECT MESSAGE[53]: mem read at 94075869983419

YOU DON'T HAVE THE CORRECT MESSAGE[53]: write  155 to 0x558fbecff2ba: MISS
YOU DON'T HAVE THE CORRECT MESSAGE[54]: evict set=1,tag=23518967495865
YOU DON'T HAVE THE CORRECT MESSAGE[54]: mem write at 94075869983462

YOU DON'T HAVE THE CORRECT MESSAGE[54]: mem write at 94075869983463

YOU DON'T HAVE THE CORRECT MESSAGE[54]: mem read at 94075869983466

YOU DON'T HAVE THE CORRECT MESSAGE[54]: mem read at 94075869983467

YOU DON'T HAVE THE CORRECT MESSAGE[54]: write  180 to 0x558fbecff2ea: MISS
YOU DON'T HAVE THE CORRECT MESSAGE[55]: write   84 to 0x558fbecff2bb: HIT
YOU DON'T HAVE THE CORRECT MESSAGE[56]: write   17 to 0x558fbecff2eb: HIT
YOU DON'T HAVE THE CORRECT MESSAGE[57]: evict set=0,tag=23518967495854
YOU DON'T HAVE THE CORRECT MESSAGE[57]: mem write at 94075869983416

YOU DON'T HAVE THE CORRECT MESSAGE[57]: mem write at 94075869983417

YOU DON'T HAVE THE CORRECT MESSAGE[57]: mem read at 94075869983420

YOU DON'T HAVE THE CORRECT MESSAGE[57]: mem read at 94075869983421

YOU DON'T HAVE THE CORRECT MESSAGE[57]: write   14 to 0x558fbecff2bc: MISS
YOU DON'T HAVE THE CORRECT MESSAGE[58]: evict set=0,tag=23518967495866
YOU DON'T HAVE THE CORRECT MESSAGE[58]: mem write at 94075869983464

YOU DON'T HAVE THE CORRECT MESSAGE[58]: mem write at 94075869983465

YOU DON'T HAVE THE CORRECT MESSAGE[58]: mem read at 94075869983468

YOU DON'T HAVE THE CORRECT MESSAGE[58]: mem read at 94075869983469

YOU DON'T HAVE THE CORRECT MESSAGE[58]: write  130 to 0x558fbecff2ec: MISS
YOU DON'T HAVE THE CORRECT MESSAGE[59]: write  116 to 0x558fbecff2bd: HIT
YOU DON'T HAVE THE CORRECT MESSAGE[60]: write   65 to 0x558fbecff2ed: HIT
YOU DON'T HAVE THE CORRECT MESSAGE[60]: compute dot product
YOU DON'T HAVE THE CORRECT MESSAGE[60]: adding the 0-th coordinate
YOU DON'T HAVE THE CORRECT MESSAGE[61]: evict set=0,tag=23518967495855
YOU DON'T HAVE THE CORRECT MESSAGE[61]: mem write at 94075869983420

YOU DON'T HAVE THE CORRECT MESSAGE[61]: mem write at 94075869983421

YOU DON'T HAVE THE CORRECT MESSAGE[61]: mem read at 94075869983392

YOU DON'T HAVE THE CORRECT MESSAGE[61]: mem read at 94075869983393

YOU DON'T HAVE THE CORRECT MESSAGE[61]: read   103 from 0x558fbecff2a0: MISS
YOU DON'T HAVE THE CORRECT MESSAGE[62]: evict set=0,tag=23518967495867
YOU DON'T HAVE THE CORRECT MESSAGE[62]: mem write at 94075869983468

YOU DON'T HAVE THE CORRECT MESSAGE[62]: mem write at 94075869983469

YOU DON'T HAVE THE CORRECT MESSAGE[62]: mem read at 94075869983440

YOU DON'T HAVE THE CORRECT MESSAGE[62]: mem read at 94075869983441

YOU DON'T HAVE THE CORRECT MESSAGE[62]: read   198 from 0x558fbecff2d0: MISS
YOU DON'T HAVE THE CORRECT MESSAGE[63]: evict set=0,tag=23518967495848
YOU DON'T HAVE THE CORRECT MESSAGE[63]: mem read at 94075869983488

YOU DON'T HAVE THE CORRECT MESSAGE[63]: mem read at 94075869983489

YOU DON'T HAVE THE CORRECT MESSAGE[63]: read     0 from 0x558fbecff300: MISS
YOU DON'T HAVE THE CORRECT MESSAGE[64]: write  170 to 0x558fbecff300: HIT
YOU DON'T HAVE THE CORRECT MESSAGE[64]: adding the 1-th coordinate
YOU DON'T HAVE THE CORRECT MESSAGE[65]: evict set=0,tag=23518967495860
YOU DON'T HAVE THE CORRECT MESSAGE[65]: mem read at 94075869983392

YOU DON'T HAVE THE CORRECT MESSAGE[65]: mem read at 94075869983393

YOU DON'T HAVE THE CORRECT MESSAGE[65]: read   105 from 0x558fbecff2a1: MISS
YOU DON'T HAVE THE CORRECT MESSAGE[66]: evict set=0,tag=23518967495872
YOU DON'T HAVE THE CORRECT MESSAGE[66]: mem write at 94075869983488

YOU DON'T HAVE THE CORRECT MESSAGE[66]: mem write at 94075869983489

YOU DON'T HAVE THE CORRECT MESSAGE[66]: mem read at 94075869983440

YOU DON'T HAVE THE CORRECT MESSAGE[66]: mem read at 94075869983441

YOU DON'T HAVE THE CORRECT MESSAGE[66]: read   115 from 0x558fbecff2d1: MISS
YOU DON'T HAVE THE CORRECT MESSAGE[67]: evict set=0,tag=23518967495848
YOU DON'T HAVE THE CORRECT MESSAGE[67]: mem read at 94075869983488

YOU DON'T HAVE THE CORRECT MESSAGE[67]: mem read at 94075869983489

YOU DON'T HAVE THE CORRECT MESSAGE[67]: read   170 from 0x558fbecff300: MISS
YOU DON'T HAVE THE CORRECT MESSAGE[68]: write  213 to 0x558fbecff300: HIT
YOU DON'T HAVE THE CORRECT MESSAGE[68]: adding the 2-th coordinate
YOU DON'T HAVE THE CORRECT MESSAGE[69]: evict set=1,tag=23518967495854
YOU DON'T HAVE THE CORRECT MESSAGE[69]: mem write at 94075869983418

YOU DON'T HAVE THE CORRECT MESSAGE[69]: mem write at 94075869983419

YOU DON'T HAVE THE CORRECT MESSAGE[69]: mem read at 94075869983394

YOU DON'T HAVE THE CORRECT MESSAGE[69]: mem read at 94075869983395

YOU DON'T HAVE THE CORRECT MESSAGE[69]: read    81 from 0x558fbecff2a2: MISS
YOU DON'T HAVE THE CORRECT MESSAGE[70]: evict set=1,tag=23518967495866
YOU DON'T HAVE THE CORRECT MESSAGE[70]: mem write at 94075869983466

YOU DON'T HAVE THE CORRECT MESSAGE[70]: mem write at 94075869983467

YOU DON'T HAVE THE CORRECT MESSAGE[70]: mem read at 94075869983442

YOU DON'T HAVE THE CORRECT MESSAGE[70]: mem read at 94075869983443

YOU DON'T HAVE THE CORRECT MESSAGE[70]: read   255 from 0x558fbecff2d2: MISS
YOU DON'T HAVE THE CORRECT MESSAGE[71]: read   213 from 0x558fbecff300: HIT
YOU DON'T HAVE THE CORRECT MESSAGE[72]: write  132 to 0x558fbecff300: HIT
YOU DON'T HAVE THE CORRECT MESSAGE[72]: adding the 3-th coordinate
YOU DON'T HAVE THE CORRECT MESSAGE[73]: read    74 from 0x558fbecff2a3: HIT
YOU DON'T HAVE THE CORRECT MESSAGE[74]: read   236 from 0x558fbecff2d3: HIT
YOU DON'T HAVE THE CORRECT MESSAGE[75]: read   132 from 0x558fbecff300: HIT
YOU DON'T HAVE THE CORRECT MESSAGE[76]: write  188 to 0x558fbecff300: HIT
YOU DON'T HAVE THE CORRECT MESSAGE[76]: adding the 4-th coordinate
YOU DON'T HAVE THE CORRECT MESSAGE[77]: evict set=0,tag=23518967495860
YOU DON'T HAVE THE CORRECT MESSAGE[77]: mem read at 94075869983396

YOU DON'T HAVE THE CORRECT MESSAGE[77]: mem read at 94075869983397

YOU DON'T HAVE THE CORRECT MESSAGE[77]: read    41 from 0x558fbecff2a4: MISS
YOU DON'T HAVE THE CORRECT MESSAGE[78]: evict set=0,tag=23518967495872
YOU DON'T HAVE THE CORRECT MESSAGE[78]: mem write at 94075869983488

YOU DON'T HAVE THE CORRECT MESSAGE[78]: mem write at 94075869983489

YOU DON'T HAVE THE CORRECT MESSAGE[78]: mem read at 94075869983444

YOU DON'T HAVE THE CORRECT MESSAGE[78]: mem read at 94075869983445

YOU DON'T HAVE THE CORRECT MESSAGE[78]: read   205 from 0x558fbecff2d4: MISS
YOU DON'T HAVE THE CORRECT MESSAGE[79]: evict set=0,tag=23518967495849
YOU DON'T HAVE THE CORRECT MESSAGE[79]: mem read at 94075869983488

YOU DON'T HAVE THE CORRECT MESSAGE[79]: mem read at 94075869983489

YOU DON'T HAVE THE CORRECT MESSAGE[79]: read   188 from 0x558fbecff300: MISS
YOU DON'T HAVE THE CORRECT MESSAGE[80]: write  145 to 0x558fbecff300: HIT
YOU DON'T HAVE THE CORRECT MESSAGE[80]: adding the 5-th coordinate
YOU DON'T HAVE THE CORRECT MESSAGE[81]: evict set=0,tag=23518967495861
YOU DON'T HAVE THE CORRECT MESSAGE[81]: mem read at 94075869983396

YOU DON'T HAVE THE CORRECT MESSAGE[81]: mem read at 94075869983397

YOU DON'T HAVE THE CORRECT MESSAGE[81]: read   186 from 0x558fbecff2a5: MISS
YOU DON'T HAVE THE CORRECT MESSAGE[82]: evict set=0,tag=23518967495872
YOU DON'T HAVE THE CORRECT MESSAGE[82]: mem write at 94075869983488

YOU DON'T HAVE THE CORRECT MESSAGE[82]: mem write at 94075869983489

YOU DON'T HAVE THE CORRECT MESSAGE[82]: mem read at 94075869983444

YOU DON'T HAVE THE CORRECT MESSAGE[82]: mem read at 94075869983445

YOU DON'T HAVE THE CORRECT MESSAGE[82]: read   171 from 0x558fbecff2d5: MISS
YOU DON'T HAVE THE CORRECT MESSAGE[83]: evict set=0,tag=23518967495849
YOU DON'T HAVE THE CORRECT MESSAGE[83]: mem read at 94075869983488

YOU DON'T HAVE THE CORRECT MESSAGE[83]: mem read at 94075869983489

YOU DON'T HAVE THE CORRECT MESSAGE[83]: read   145 from 0x558fbecff300: MISS
YOU DON'T HAVE THE CORRECT MESSAGE[84]: write  207 to 0x558fbecff300: HIT
YOU DON'T HAVE THE CORRECT MESSAGE[84]: adding the 6-th coordinate
YOU DON'T HAVE THE CORRECT MESSAGE[85]: evict set=1,tag=23518967495848
YOU DON'T HAVE THE CORRECT MESSAGE[85]: mem read at 94075869983398

YOU DON'T HAVE THE CORRECT MESSAGE[85]: mem read at 94075869983399

YOU DON'T HAVE THE CORRECT MESSAGE[85]: read   242 from 0x558fbecff2a6: MISS
YOU DON'T HAVE THE CORRECT MESSAGE[86]: evict set=1,tag=23518967495860
YOU DON'T HAVE THE CORRECT MESSAGE[86]: mem read at 94075869983446

YOU DON'T HAVE THE CORRECT MESSAGE[86]: mem read at 94075869983447

YOU DON'T HAVE THE CORRECT MESSAGE[86]: read   251 from 0x558fbecff2d6: MISS
YOU DON'T HAVE THE CORRECT MESSAGE[87]: read   207 from 0x558fbecff300: HIT
YOU DON'T HAVE THE CORRECT MESSAGE[88]: write   21 to 0x558fbecff300: HIT
YOU DON'T HAVE THE CORRECT MESSAGE[88]: adding the 7-th coordinate
YOU DON'T HAVE THE CORRECT MESSAGE[89]: read   227 from 0x558fbecff2a7: HIT
YOU DON'T HAVE THE CORRECT MESSAGE[90]: read    70 from 0x558fbecff2d7: HIT
YOU DON'T HAVE THE CORRECT MESSAGE[91]: read    21 from 0x558fbecff300: HIT
YOU DON'T HAVE THE CORRECT MESSAGE[92]: write   39 to 0x558fbecff300: HIT
YOU DON'T HAVE THE CORRECT MESSAGE[92]: adding the 8-th coordinate
YOU DON'T HAVE THE CORRECT MESSAGE[93]: evict set=0,tag=23518967495861
YOU DON'T HAVE THE CORRECT MESSAGE[93]: mem read at 94075869983400

YOU DON'T HAVE THE CORRECT MESSAGE[93]: mem read at 94075869983401

YOU DON'T HAVE THE CORRECT MESSAGE[93]: read   124 from 0x558fbecff2a8: MISS
YOU DON'T HAVE THE CORRECT MESSAGE[94]: evict set=0,tag=23518967495872
YOU DON'T HAVE THE CORRECT MESSAGE[94]: mem write at 94075869983488

YOU DON'T HAVE THE CORRECT MESSAGE[94]: mem write at 94075869983489

YOU DON'T HAVE THE CORRECT MESSAGE[94]: mem read at 94075869983448

YOU DON'T HAVE THE CORRECT MESSAGE[94]: mem read at 94075869983449

YOU DON'T HAVE THE CORRECT MESSAGE[94]: read   194 from 0x558fbecff2d8: MISS
YOU DON'T HAVE THE CORRECT MESSAGE[95]: evict set=0,tag=23518967495850
YOU DON'T HAVE THE CORRECT MESSAGE[95]: mem read at 94075869983488

YOU DON'T HAVE THE CORRECT MESSAGE[95]: mem read at 94075869983489

YOU DON'T HAVE THE CORRECT MESSAGE[95]: read    39 from 0x558fbecff300: MISS
YOU DON'T HAVE THE CORRECT MESSAGE[96]: write   31 to 0x558fbecff300: HIT
YOU DON'T HAVE THE CORRECT MESSAGE[96]: adding the 9-th coordinate
YOU DON'T HAVE THE CORRECT MESSAGE[97]: evict set=0,tag=23518967495862
YOU DON'T HAVE THE CORRECT MESSAGE[97]: mem read at 94075869983400

YOU DON'T HAVE THE CORRECT MESSAGE[97]: mem read at 94075869983401

YOU DON'T HAVE THE CORRECT MESSAGE[97]: read    84 from 0x558fbecff2a9: MISS
YOU DON'T HAVE THE CORRECT MESSAGE[98]: evict set=0,tag=23518967495872
YOU DON'T HAVE THE CORRECT MESSAGE[98]: mem write at 94075869983488

YOU DON'T HAVE THE CORRECT MESSAGE[98]: mem write at 94075869983489

YOU DON'T HAVE THE CORRECT MESSAGE[98]: mem read at 94075869983448

YOU DON'T HAVE THE CORRECT MESSAGE[98]: mem read at 94075869983449

YOU DON'T HAVE THE CORRECT MESSAGE[98]: read   248 from 0x558fbecff2d9: MISS
YOU DON'T HAVE THE CORRECT MESSAGE[99]: evict set=0,tag=23518967495850
YOU DON'T HAVE THE CORRECT MESSAGE[99]: mem read at 94075869983488

YOU DON'T HAVE THE CORRECT MESSAGE[99]: mem read at 94075869983489

YOU DON'T HAVE THE CORRECT MESSAGE[99]: read    31 from 0x558fbecff300: MISS
YOU DON'T HAVE THE CORRECT MESSAGE[100]: write  127 to 0x558fbecff300: HIT
YOU DON'T HAVE THE CORRECT MESSAGE[100]: adding the 10-th coordinate
YOU DON'T HAVE THE CORRECT MESSAGE[101]: evict set=1,tag=23518967495849
YOU DON'T HAVE THE CORRECT MESSAGE[101]: mem read at 94075869983402

YOU DON'T HAVE THE CORRECT MESSAGE[101]: mem read at 94075869983403

YOU DON'T HAVE THE CORRECT MESSAGE[101]: read    27 from 0x558fbecff2aa: MISS
YOU DON'T HAVE THE CORRECT MESSAGE[102]: evict set=1,tag=23518967495861
YOU DON'T HAVE THE CORRECT MESSAGE[102]: mem read at 94075869983450

YOU DON'T HAVE THE CORRECT MESSAGE[102]: mem read at 94075869983451

YOU DON'T HAVE THE CORRECT MESSAGE[102]: read   232 from 0x558fbecff2da: MISS
YOU DON'T HAVE THE CORRECT MESSAGE[103]: read   127 from 0x558fbecff300: HIT
YOU DON'T HAVE THE CORRECT MESSAGE[104]: write  247 to 0x558fbecff300: HIT
YOU DON'T HAVE THE CORRECT MESSAGE[104]: adding the 11-th coordinate
YOU DON'T HAVE THE CORRECT MESSAGE[105]: read   231 from 0x558fbecff2ab: HIT
YOU DON'T HAVE THE CORRECT MESSAGE[106]: read   141 from 0x558fbecff2db: HIT
YOU DON'T HAVE THE CORRECT MESSAGE[107]: read   247 from 0x558fbecff300: HIT
YOU DON'T HAVE THE CORRECT MESSAGE[108]: write   50 to 0x558fbecff300: HIT
YOU DON'T HAVE THE CORRECT MESSAGE[108]: adding the 12-th coordinate
YOU DON'T HAVE THE CORRECT MESSAGE[109]: evict set=0,tag=23518967495862
YOU DON'T HAVE THE CORRECT MESSAGE[109]: mem read at 94075869983404

YOU DON'T HAVE THE CORRECT MESSAGE[109]: mem read at 94075869983405

YOU DON'T HAVE THE CORRECT MESSAGE[109]: read   118 from 0x558fbecff2ac: MISS
YOU DON'T HAVE THE CORRECT MESSAGE[110]: evict set=0,tag=23518967495872
YOU DON'T HAVE THE CORRECT MESSAGE[110]: mem write at 94075869983488

YOU DON'T HAVE THE CORRECT MESSAGE[110]: mem write at 94075869983489

YOU DON'T HAVE THE CORRECT MESSAGE[110]: mem read at 94075869983452

YOU DON'T HAVE THE CORRECT MESSAGE[110]: mem read at 94075869983453

YOU DON'T HAVE THE CORRECT MESSAGE[110]: read    90 from 0x558fbecff2dc: MISS
YOU DON'T HAVE THE CORRECT MESSAGE[111]: evict set=0,tag=23518967495851
YOU DON'T HAVE THE CORRECT MESSAGE[111]: mem read at 94075869983488

YOU DON'T HAVE THE CORRECT MESSAGE[111]: mem read at 94075869983489

YOU DON'T HAVE THE CORRECT MESSAGE[111]: read    50 from 0x558fbecff300: MISS
YOU DON'T HAVE THE CORRECT MESSAGE[112]: write  174 to 0x558fbecff300: HIT
YOU DON'T HAVE THE CORRECT MESSAGE[112]: adding the 13-th coordinate
YOU DON'T HAVE THE CORRECT MESSAGE[113]: evict set=0,tag=23518967495863
YOU DON'T HAVE THE CORRECT MESSAGE[113]: mem read at 94075869983404

YOU DON'T HAVE THE CORRECT MESSAGE[113]: mem read at 94075869983405

YOU DON'T HAVE THE CORRECT MESSAGE[113]: read    46 from 0x558fbecff2ad: MISS
YOU DON'T HAVE THE CORRECT MESSAGE[114]: evict set=0,tag=23518967495872
YOU DON'T HAVE THE CORRECT MESSAGE[114]: mem write at 94075869983488

YOU DON'T HAVE THE CORRECT MESSAGE[114]: mem write at 94075869983489

YOU DON'T HAVE THE CORRECT MESSAGE[114]: mem read at 94075869983452

YOU DON'T HAVE THE CORRECT MESSAGE[114]: mem read at 94075869983453

YOU DON'T HAVE THE CORRECT MESSAGE[114]: read    99 from 0x558fbecff2dd: MISS
YOU DON'T HAVE THE CORRECT MESSAGE[115]: evict set=0,tag=23518967495851
YOU DON'T HAVE THE CORRECT MESSAGE[115]: mem read at 94075869983488

YOU DON'T HAVE THE CORRECT MESSAGE[115]: mem read at 94075869983489

YOU DON'T HAVE THE CORRECT MESSAGE[115]: read   174 from 0x558fbecff300: MISS
YOU DON'T HAVE THE CORRECT MESSAGE[116]: write  120 to 0x558fbecff300: HIT
YOU DON'T HAVE THE CORRECT MESSAGE[116]: adding the 14-th coordinate
YOU DON'T HAVE THE CORRECT MESSAGE[117]: evict set=1,tag=23518967495850
YOU DON'T HAVE THE CORRECT MESSAGE[117]: mem read at 94075869983406

YOU DON'T HAVE THE CORRECT MESSAGE[117]: mem read at 94075869983407

YOU DON'T HAVE THE CORRECT MESSAGE[117]: read    51 from 0x558fbecff2ae: MISS
YOU DON'T HAVE THE CORRECT MESSAGE[118]: evict set=1,tag=23518967495862
YOU DON'T HAVE THE CORRECT MESSAGE[118]: mem read at 94075869983454

YOU DON'T HAVE THE CORRECT MESSAGE[118]: mem read at 94075869983455

YOU DON'T HAVE THE CORRECT MESSAGE[118]: read   159 from 0x558fbecff2de: MISS
YOU DON'T HAVE THE CORRECT MESSAGE[119]: read   120 from 0x558fbecff300: HIT
YOU DON'T HAVE THE CORRECT MESSAGE[120]: write   37 to 0x558fbecff300: HIT
YOU DON'T HAVE THE CORRECT MESSAGE[120]: adding the 15-th coordinate
YOU DON'T HAVE THE CORRECT MESSAGE[121]: read   201 from 0x558fbecff2af: HIT
YOU DON'T HAVE THE CORRECT MESSAGE[122]: read   154 from 0x558fbecff2df: HIT
YOU DON'T HAVE THE CORRECT MESSAGE[123]: read    37 from 0x558fbecff300: HIT
YOU DON'T HAVE THE CORRECT MESSAGE[124]: write   15 to 0x558fbecff300: HIT
YOU DON'T HAVE THE CORRECT MESSAGE[124]: adding the 16-th coordinate
YOU DON'T HAVE THE CORRECT MESSAGE[125]: evict set=0,tag=23518967495863
YOU DON'T HAVE THE CORRECT MESSAGE[125]: mem read at 94075869983408

YOU DON'T HAVE THE CORRECT MESSAGE[125]: mem read at 94075869983409

YOU DON'T HAVE THE CORRECT MESSAGE[125]: read   102 from 0x558fbecff2b0: MISS
YOU DON'T HAVE THE CORRECT MESSAGE[126]: evict set=0,tag=23518967495872
YOU DON'T HAVE THE CORRECT MESSAGE[126]: mem write at 94075869983488

YOU DON'T HAVE THE CORRECT MESSAGE[126]: mem write at 94075869983489

YOU DON'T HAVE THE CORRECT MESSAGE[126]: mem read at 94075869983456

YOU DON'T HAVE THE CORRECT MESSAGE[126]: mem read at 94075869983457

YOU DON'T HAVE THE CORRECT MESSAGE[126]: read    50 from 0x558fbecff2e0: MISS
YOU DON'T HAVE THE CORRECT MESSAGE[127]: evict set=0,tag=23518967495852
YOU DON'T HAVE THE CORRECT MESSAGE[127]: mem read at 94075869983488

YOU DON'T HAVE THE CORRECT MESSAGE[127]: mem read at 94075869983489

YOU DON'T HAVE THE CORRECT MESSAGE[127]: read    15 from 0x558fbecff300: MISS
YOU DON'T HAVE THE CORRECT MESSAGE[128]: write  251 to 0x558fbecff300: HIT
YOU DON'T HAVE THE CORRECT MESSAGE[128]: adding the 17-th coordinate
YOU DON'T HAVE THE CORRECT MESSAGE[129]: evict set=0,tag=23518967495864
YOU DON'T HAVE THE CORRECT MESSAGE[129]: mem read at 94075869983408

YOU DON'T HAVE THE CORRECT MESSAGE[129]: mem read at 94075869983409

YOU DON'T HAVE THE CORRECT MESSAGE[129]: read    13 from 0x558fbecff2b1: MISS
YOU DON'T HAVE THE CORRECT MESSAGE[130]: evict set=0,tag=23518967495872
YOU DON'T HAVE THE CORRECT MESSAGE[130]: mem write at 94075869983488

YOU DON'T HAVE THE CORRECT MESSAGE[130]: mem write at 94075869983489

YOU DON'T HAVE THE CORRECT MESSAGE[130]: mem read at 94075869983456

YOU DON'T HAVE THE CORRECT MESSAGE[130]: mem read at 94075869983457

YOU DON'T HAVE THE CORRECT MESSAGE[130]: read   183 from 0x558fbecff2e1: MISS
YOU DON'T HAVE THE CORRECT MESSAGE[131]: evict set=0,tag=23518967495852
YOU DON'T HAVE THE CORRECT MESSAGE[131]: mem read at 94075869983488

YOU DON'T HAVE THE CORRECT MESSAGE[131]: mem read at 94075869983489

YOU DON'T HAVE THE CORRECT MESSAGE[131]: read   251 from 0x558fbecff300: MISS
YOU DON'T HAVE THE CORRECT MESSAGE[132]: write   70 to 0x558fbecff300: HIT
YOU DON'T HAVE THE CORRECT MESSAGE[132]: adding the 18-th coordinate
YOU DON'T HAVE THE CORRECT MESSAGE[133]: evict set=1,tag=23518967495851
YOU DON'T HAVE THE CORRECT MESSAGE[133]: mem read at 94075869983410

YOU DON'T HAVE THE CORRECT MESSAGE[133]: mem read at 94075869983411

YOU DON'T HAVE THE CORRECT MESSAGE[133]: read    49 from 0x558fbecff2b2: MISS
YOU DON'T HAVE THE CORRECT MESSAGE[134]: evict set=1,tag=23518967495863
YOU DON'T HAVE THE CORRECT MESSAGE[134]: mem read at 94075869983458

YOU DON'T HAVE THE CORRECT MESSAGE[134]: mem read at 94075869983459

YOU DON'T HAVE THE CORRECT MESSAGE[134]: read    88 from 0x558fbecff2e2: MISS
YOU DON'T HAVE THE CORRECT MESSAGE[135]: read    70 from 0x558fbecff300: HIT
YOU DON'T HAVE THE CORRECT MESSAGE[136]: write   30 to 0x558fbecff300: HIT
YOU DON'T HAVE THE CORRECT MESSAGE[136]: adding the 19-th coordinate
YOU DON'T HAVE THE CORRECT MESSAGE[137]: read   163 from 0x558fbecff2b3: HIT
YOU DON'T HAVE THE CORRECT MESSAGE[138]: read    90 from 0x558fbecff2e3: HIT
YOU DON'T HAVE THE CORRECT MESSAGE[139]: read    30 from 0x558fbecff300: HIT
YOU DON'T HAVE THE CORRECT MESSAGE[140]: write  108 to 0x558fbecff300: HIT
YOU DON'T HAVE THE CORRECT MESSAGE[140]: adding the 20-th coordinate
YOU DON'T HAVE THE CORRECT MESSAGE[141]: evict set=0,tag=23518967495864
YOU DON'T HAVE THE CORRECT MESSAGE[141]: mem read at 94075869983412

YOU DON'T HAVE THE CORRECT MESSAGE[141]: mem read at 94075869983413

YOU DON'T HAVE THE CORRECT MESSAGE[141]: read    37 from 0x558fbecff2b4: MISS
YOU DON'T HAVE THE CORRECT MESSAGE[142]: evict set=0,tag=23518967495872
YOU DON'T HAVE THE CORRECT MESSAGE[142]: mem write at 94075869983488

YOU DON'T HAVE THE CORRECT MESSAGE[142]: mem write at 94075869983489

YOU DON'T HAVE THE CORRECT MESSAGE[142]: mem read at 94075869983460

YOU DON'T HAVE THE CORRECT MESSAGE[142]: mem read at 94075869983461

YOU DON'T HAVE THE CORRECT MESSAGE[142]: read    93 from 0x558fbecff2e4: MISS
YOU DON'T HAVE THE CORRECT MESSAGE[143]: evict set=0,tag=23518967495853
YOU DON'T HAVE THE CORRECT MESSAGE[143]: mem read at 94075869983488

YOU DON'T HAVE THE CORRECT MESSAGE[143]: mem read at 94075869983489

YOU DON'T HAVE THE CORRECT MESSAGE[143]: read   108 from 0x558fbecff300: MISS
YOU DON'T HAVE THE CORRECT MESSAGE[144]: write  221 to 0x558fbecff300: HIT
YOU DON'T HAVE THE CORRECT MESSAGE[144]: adding the 21-th coordinate
YOU DON'T HAVE THE CORRECT MESSAGE[145]: evict set=0,tag=23518967495865
YOU DON'T HAVE THE CORRECT MESSAGE[145]: mem read at 94075869983412

YOU DON'T HAVE THE CORRECT MESSAGE[145]: mem read at 94075869983413

YOU DON'T HAVE THE CORRECT MESSAGE[145]: read     5 from 0x558fbecff2b5: MISS
YOU DON'T HAVE THE CORRECT MESSAGE[146]: evict set=0,tag=23518967495872
YOU DON'T HAVE THE CORRECT MESSAGE[146]: mem write at 94075869983488

YOU DON'T HAVE THE CORRECT MESSAGE[146]: mem write at 94075869983489

YOU DON'T HAVE THE CORRECT MESSAGE[146]: mem read at 94075869983460

YOU DON'T HAVE THE CORRECT MESSAGE[146]: mem read at 94075869983461

YOU DON'T HAVE THE CORRECT MESSAGE[146]: read    23 from 0x558fbecff2e5: MISS
YOU DON'T HAVE THE CORRECT MESSAGE[147]: evict set=0,tag=23518967495853
YOU DON'T HAVE THE CORRECT MESSAGE[147]: mem read at 94075869983488

YOU DON'T HAVE THE CORRECT MESSAGE[147]: mem read at 94075869983489

YOU DON'T HAVE THE CORRECT MESSAGE[147]: read   221 from 0x558fbecff300: MISS
YOU DON'T HAVE THE CORRECT MESSAGE[148]: write   80 to 0x558fbecff300: HIT
YOU DON'T HAVE THE CORRECT MESSAGE[148]: adding the 22-th coordinate
YOU DON'T HAVE THE CORRECT MESSAGE[149]: evict set=1,tag=23518967495852
YOU DON'T HAVE THE CORRECT MESSAGE[149]: mem read at 94075869983414

YOU DON'T HAVE THE CORRECT MESSAGE[149]: mem read at 94075869983415

YOU DON'T HAVE THE CORRECT MESSAGE[149]: read    88 from 0x558fbecff2b6: MISS
YOU DON'T HAVE THE CORRECT MESSAGE[150]: evict set=1,tag=23518967495864
YOU DON'T HAVE THE CORRECT MESSAGE[150]: mem read at 94075869983462

YOU DON'T HAVE THE CORRECT MESSAGE[150]: mem read at 94075869983463

YOU DON'T HAVE THE CORRECT MESSAGE[150]: read   233 from 0x558fbecff2e6: MISS
YOU DON'T HAVE THE CORRECT MESSAGE[151]: read    80 from 0x558fbecff300: HIT
YOU DON'T HAVE THE CORRECT MESSAGE[152]: write  104 to 0x558fbecff300: HIT
YOU DON'T HAVE THE CORRECT MESSAGE[152]: adding the 23-th coordinate
YOU DON'T HAVE THE CORRECT MESSAGE[153]: read    94 from 0x558fbecff2b7: HIT
YOU DON'T HAVE THE CORRECT MESSAGE[154]: read   212 from 0x558fbecff2e7: HIT
YOU DON'T HAVE THE CORRECT MESSAGE[155]: read   104 from 0x558fbecff300: HIT
YOU DON'T HAVE THE CORRECT MESSAGE[156]: write   64 to 0x558fbecff300: HIT
YOU DON'T HAVE THE CORRECT MESSAGE[156]: adding the 24-th coordinate
YOU DON'T HAVE THE CORRECT MESSAGE[157]: evict set=0,tag=23518967495865
YOU DON'T HAVE THE CORRECT MESSAGE[157]: mem read at 94075869983416

YOU DON'T HAVE THE CORRECT MESSAGE[157]: mem read at 94075869983417

YOU DON'T HAVE THE CORRECT MESSAGE[157]: read   171 from 0x558fbecff2b8: MISS
YOU DON'T HAVE THE CORRECT MESSAGE[158]: evict set=0,tag=23518967495872
YOU DON'T HAVE THE CORRECT MESSAGE[158]: mem write at 94075869983488

YOU DON'T HAVE THE CORRECT MESSAGE[158]: mem write at 94075869983489

YOU DON'T HAVE THE CORRECT MESSAGE[158]: mem read at 94075869983464

YOU DON'T HAVE THE CORRECT MESSAGE[158]: mem read at 94075869983465

YOU DON'T HAVE THE CORRECT MESSAGE[158]: read   178 from 0x558fbecff2e8: MISS
YOU DON'T HAVE THE CORRECT MESSAGE[159]: evict set=0,tag=23518967495854
YOU DON'T HAVE THE CORRECT MESSAGE[159]: mem read at 94075869983488

YOU DON'T HAVE THE CORRECT MESSAGE[159]: mem read at 94075869983489

YOU DON'T HAVE THE CORRECT MESSAGE[159]: read    64 from 0x558fbecff300: MISS
YOU DON'T HAVE THE CORRECT MESSAGE[160]: write   38 to 0x558fbecff300: HIT
YOU DON'T HAVE THE CORRECT MESSAGE[160]: adding the 25-th coordinate
YOU DON'T HAVE THE CORRECT MESSAGE[161]: evict set=0,tag=23518967495866
YOU DON'T HAVE THE CORRECT MESSAGE[161]: mem read at 94075869983416

YOU DON'T HAVE THE CORRECT MESSAGE[161]: mem read at 94075869983417

YOU DON'T HAVE THE CORRECT MESSAGE[161]: read   205 from 0x558fbecff2b9: MISS
YOU DON'T HAVE THE CORRECT MESSAGE[162]: evict set=0,tag=23518967495872
YOU DON'T HAVE THE CORRECT MESSAGE[162]: mem write at 94075869983488

YOU DON'T HAVE THE CORRECT MESSAGE[162]: mem write at 94075869983489

YOU DON'T HAVE THE CORRECT MESSAGE[162]: mem read at 94075869983464

YOU DON'T HAVE THE CORRECT MESSAGE[162]: mem read at 94075869983465

YOU DON'T HAVE THE CORRECT MESSAGE[162]: read   198 from 0x558fbecff2e9: MISS
YOU DON'T HAVE THE CORRECT MESSAGE[163]: evict set=0,tag=23518967495854
YOU DON'T HAVE THE CORRECT MESSAGE[163]: mem read at 94075869983488

YOU DON'T HAVE THE CORRECT MESSAGE[163]: mem read at 94075869983489

YOU DON'T HAVE THE CORRECT MESSAGE[163]: read    38 from 0x558fbecff300: MISS
YOU DON'T HAVE THE CORRECT MESSAGE[164]: write  180 to 0x558fbecff300: HIT
YOU DON'T HAVE THE CORRECT MESSAGE[164]: adding the 26-th coordinate
YOU DON'T HAVE THE CORRECT MESSAGE[165]: evict set=1,tag=23518967495853
YOU DON'T HAVE THE CORRECT MESSAGE[165]: mem read at 94075869983418

YOU DON'T HAVE THE CORRECT MESSAGE[165]: mem read at 94075869983419

YOU DON'T HAVE THE CORRECT MESSAGE[165]: read   155 from 0x558fbecff2ba: MISS
YOU DON'T HAVE THE CORRECT MESSAGE[166]: evict set=1,tag=23518967495865
YOU DON'T HAVE THE CORRECT MESSAGE[166]: mem read at 94075869983466

YOU DON'T HAVE THE CORRECT MESSAGE[166]: mem read at 94075869983467

YOU DON'T HAVE THE CORRECT MESSAGE[166]: read   180 from 0x558fbecff2ea: MISS
YOU DON'T HAVE THE CORRECT MESSAGE[167]: read   180 from 0x558fbecff300: HIT
YOU DON'T HAVE THE CORRECT MESSAGE[168]: write  176 to 0x558fbecff300: HIT
YOU DON'T HAVE THE CORRECT MESSAGE[168]: adding the 27-th coordinate
YOU DON'T HAVE THE CORRECT MESSAGE[169]: read    84 from 0x558fbecff2bb: HIT
YOU DON'T HAVE THE CORRECT MESSAGE[170]: read    17 from 0x558fbecff2eb: HIT
YOU DON'T HAVE THE CORRECT MESSAGE[171]: read   176 from 0x558fbecff300: HIT
YOU DON'T HAVE THE CORRECT MESSAGE[172]: write   68 to 0x558fbecff300: HIT
YOU DON'T HAVE THE CORRECT MESSAGE[172]: adding the 28-th coordinate
YOU DON'T HAVE THE CORRECT MESSAGE[173]: evict set=0,tag=23518967495866
YOU DON'T HAVE THE CORRECT MESSAGE[173]: mem read at 94075869983420

YOU DON'T HAVE THE CORRECT MESSAGE[173]: mem read at 94075869983421

YOU DON'T HAVE THE CORRECT MESSAGE[173]: read    14 from 0x558fbecff2bc: MISS
YOU DON'T HAVE THE CORRECT MESSAGE[174]: evict set=0,tag=23518967495872
YOU DON'T HAVE THE CORRECT MESSAGE[174]: mem write at 94075869983488

YOU DON'T HAVE THE CORRECT MESSAGE[174]: mem write at 94075869983489

YOU DON'T HAVE THE CORRECT MESSAGE[174]: mem read at 94075869983468

YOU DON'T HAVE THE CORRECT MESSAGE[174]: mem read at 94075869983469

YOU DON'T HAVE THE CORRECT MESSAGE[174]: read   130 from 0x558fbecff2ec: MISS
YOU DON'T HAVE THE CORRECT MESSAGE[175]: evict set=0,tag=23518967495855
YOU DON'T HAVE THE CORRECT MESSAGE[175]: mem read at 94075869983488

YOU DON'T HAVE THE CORRECT MESSAGE[175]: mem read at 94075869983489

YOU DON'T HAVE THE CORRECT MESSAGE[175]: read    68 from 0x558fbecff300: MISS
YOU DON'T HAVE THE CORRECT MESSAGE[176]: write   96 to 0x558fbecff300: HIT
YOU DON'T HAVE THE CORRECT MESSAGE[176]: adding the 29-th coordinate
YOU DON'T HAVE THE CORRECT MESSAGE[177]: evict set=0,tag=23518967495867
YOU DON'T HAVE THE CORRECT MESSAGE[177]: mem read at 94075869983420

YOU DON'T HAVE THE CORRECT MESSAGE[177]: mem read at 94075869983421

YOU DON'T HAVE THE CORRECT MESSAGE[177]: read   116 from 0x558fbecff2bd: MISS
YOU DON'T HAVE THE CORRECT MESSAGE[178]: evict set=0,tag=23518967495872
YOU DON'T HAVE THE CORRECT MESSAGE[178]: mem write at 94075869983488

YOU DON'T HAVE THE CORRECT MESSAGE[178]: mem write at 94075869983489

YOU DON'T HAVE THE CORRECT MESSAGE[178]: mem read at 94075869983468

YOU DON'T HAVE THE CORRECT MESSAGE[178]: mem read at 94075869983469

YOU DON'T HAVE THE CORRECT MESSAGE[178]: read    65 from 0x558fbecff2ed: MISS
YOU DON'T HAVE THE CORRECT MESSAGE[179]: evict set=0,tag=23518967495855
YOU DON'T HAVE THE CORRECT MESSAGE[179]: mem read at 94075869983488

YOU DON'T HAVE THE CORRECT MESSAGE[179]: mem read at 94075869983489

YOU DON'T HAVE THE CORRECT MESSAGE[179]: read    96 from 0x558fbecff300: MISS
YOU DON'T HAVE THE CORRECT MESSAGE[180]: write  212 to 0x558fbecff300: HIT
YOU DON'T HAVE THE CORRECT MESSAGE[180]: finished, release cache
YOU DON'T HAVE THE CORRECT MESSAGE[180]: evict set=0,tag=23518967495867
YOU DON'T HAVE THE CORRECT MESSAGE[180]: evict set=1,tag=23518967495854
YOU DON'T HAVE THE CORRECT MESSAGE[180]: evict set=0,tag=23518967495872
YOU DON'T HAVE THE CORRECT MESSAGE[180]: mem write at 94075869983488

YOU DON'T HAVE THE CORRECT MESSAGE[180]: mem write at 94075869983489

YOU DON'T HAVE THE CORRECT MESSAGE[180]: evict set=1,tag=23518967495866
YOU DON'T HAVE THE CORRECT MESSAGE[180]: dot product result 212
YOU DON'T HAVE THE CORRECT MESSAGE[180]: dot product result 0
YOU DON'T HAVE THE CORRECT MESSAGE[180]: dot product result 0
YOU DON'T HAVE THE CORRECT MESSAGE[180]: dot product result 0
YOU DON'T HAVE THE CORRECT MESSAGE[180]: dot product result 0
YOU DON'T HAVE THE CORRECT MESSAGE[180]: dot product result 0
YOU DON'T HAVE THE CORRECT MESSAGE[180]: dot product result 0
YOU DON'T HAVE THE CORRECT MESSAGE[180]: dot product result 0
YOU DON'T HAVE THE CORRECT MESSAGE[180]: dot product result 0
YOU DON'T HAVE THE CORRECT MESSAGE[180]: dot product result 0
YOU DON'T HAVE THE CORRECT MESSAGE[180]: dot product result 0
YOU DON'T HAVE THE CORRECT MESSAGE[180]: dot product result 0
YOU DON'T HAVE THE CORRECT MESSAGE[180]: dot product result 0
YOU DON'T HAVE THE CORRECT MESSAGE[180]: dot product result 0
YOU DON'T HAVE THE CORRECT MESSAGE[180]: dot product result 0
YOU DON'T HAVE THE CORRECT MESSAGE[180]: dot product result 0
YOU DON'T HAVE THE CORRECT MESSAGE[180]: dot product result 0
YOU DON'T HAVE THE CORRECT MESSAGE[180]: dot product result 0
YOU DON'T HAVE THE CORRECT MESSAGE[180]: dot product result 0
YOU DON'T HAVE THE CORRECT MESSAGE[180]: dot product result 0
YOU DON'T HAVE THE CORRECT MESSAGE[180]: dot product result 0
YOU DON'T HAVE THE CORRECT MESSAGE[180]: dot product result 0
YOU DON'T HAVE THE CORRECT MESSAGE[180]: dot product result 0
YOU DON'T HAVE THE CORRECT MESSAGE[180]: dot product result 0
YOU DON'T HAVE THE CORRECT MESSAGE[180]: dot product result 0
YOU DON'T HAVE THE CORRECT MESSAGE[180]: dot product result 0
YOU DON'T HAVE THE CORRECT MESSAGE[180]: dot product result 0
YOU DON'T HAVE THE CORRECT MESSAGE[180]: dot product result 0
YOU DON'T HAVE THE CORRECT MESSAGE[180]: dot product result 0
YOU DON'T HAVE THE CORRECT MESSAGE[180]: dot product result 0
